<?xml version="1.0" encoding="UTF-8"?>
<!-- Generated by org.testng.reporters.JUnitReportReporter -->
<testsuite skipped="0" hostname="DESKTOP-2TMQMFN" name="com.autodeskcrm.orgtest.CreateAndDeleteOrganizationTest" tests="1" failures="0" timestamp="04 Aug 2020 09:08:26 GMT" time="33.236" errors="0">
  <testcase name="createAndDeletOrgtest" time="33.236" classname="com.autodeskcrm.orgtest.CreateAndDeleteOrganizationTest"/>
</testsuite> <!-- com.autodeskcrm.orgtest.CreateAndDeleteOrganizationTest -->
