<?xml version="1.0" encoding="UTF-8"?>
<!-- Generated by org.testng.reporters.JUnitReportReporter -->
<testsuite skipped="0" hostname="DESKTOP-2TMQMFN" name="com.autodeskcrm.orgtest.CreateAndDeleteOrganizationTest" tests="1" failures="0" timestamp="03 Aug 2020 15:28:29 GMT" time="30.541" errors="0">
  <testcase name="createAndDeletOrgtest" time="30.541" classname="com.autodeskcrm.orgtest.CreateAndDeleteOrganizationTest"/>
</testsuite> <!-- com.autodeskcrm.orgtest.CreateAndDeleteOrganizationTest -->
