<?xml version="1.0" encoding="UTF-8"?>
<!-- Generated by org.testng.reporters.JUnitReportReporter -->
<testsuite skipped="0" hostname="DESKTOP-2TMQMFN" name="com.autodeskcrm.orgtest.CreateOrganizationTest" tests="1" failures="0" timestamp="03 Aug 2020 14:44:03 GMT" time="25.593" errors="0">
  <testcase name="createORgtest" time="25.593" classname="com.autodeskcrm.orgtest.CreateOrganizationTest"/>
</testsuite> <!-- com.autodeskcrm.orgtest.CreateOrganizationTest -->
