<?xml version="1.0" encoding="UTF-8"?>
<!-- Generated by org.testng.reporters.JUnitReportReporter -->
<testsuite skipped="0" hostname="DESKTOP-2TMQMFN" name="com.autdeskcrm.conatcttest.CreateAndDeleteContactWithOrgNameTest" tests="1" failures="0" timestamp="04 Aug 2020 09:11:15 GMT" time="40.391" errors="0">
  <testcase name="createAndDeletContactWithOrgTest" time="40.391" classname="com.autdeskcrm.conatcttest.CreateAndDeleteContactWithOrgNameTest"/>
</testsuite> <!-- com.autdeskcrm.conatcttest.CreateAndDeleteContactWithOrgNameTest -->
